<?xml version="1.0" encoding="UTF-8"?>
<!-- Generated by org.testng.reporters.JUnitReportReporter -->
<testsuite hostname="WINCTRL-4UBSUNC" failures="0" tests="1" name="Testcases.demo" time="58.207" errors="0" timestamp="2022-06-17T13:15:04 IST" skipped="0">
  <testcase classname="Testcases.demo" name="method" time="58.207"/>
  <system-out/>
</testsuite> <!-- Testcases.demo -->
