<?xml version="1.0" encoding="UTF-8"?>
<!-- Generated by org.testng.reporters.JUnitReportReporter -->
<testsuite hostname="WINCTRL-4UBSUNC" failures="0" tests="3" name="Logintestcases.caselogin" time="28.855" errors="0" timestamp="2022-06-18T13:43:15 IST" skipped="0">
  <testcase classname="Logintestcases.caselogin" name="launchurl" time="7.293"/>
  <system-out/>
  <testcase classname="Logintestcases.caselogin" name="launchurl" time="9.720"/>
  <system-out/>
  <testcase classname="Logintestcases.caselogin" name="launchurl" time="11.842"/>
  <system-out/>
</testsuite> <!-- Logintestcases.caselogin -->
